2015-09-22 08:25:19.567 DEBUG [           main] c.p.c.Config - Loaded properties from classpath, file: build-info.properties
2015-09-22 08:25:20.650 DEBUG [           main] c.p.n.c.s.ClogGc - Execute clog GC at EasyMock for interface com.persinity.common.db.RelDb
2015-09-22 08:25:20.651 DEBUG [           main] c.p.n.c.s.ClogGc - Execute clog GC at EasyMock for interface com.persinity.common.db.RelDb
2015-09-22 08:25:21.654 DEBUG [           main] c.p.n.c.s.ClogGc - Execute clog GC at EasyMock for interface com.persinity.common.db.RelDb
2015-09-22 08:25:21.655 DEBUG [           main] c.p.n.c.s.ClogGc - Execute clog GC at EasyMock for interface com.persinity.common.db.RelDb
2015-09-22 08:25:24.707 DEBUG [  MetricsReport] c.p.n.c.s.StopWindowGenerator - Force stop window generator: EasyMock for interface com.persinity.ndt.etlmodule.WindowGenerator
2015-09-22 08:25:24.709 DEBUG [  MetricsReport] c.p.n.c.s.StopWindowGenerator - Stop window generator: EasyMock for interface com.persinity.ndt.etlmodule.WindowGenerator
2015-09-22 08:25:24.713 DEBUG [  MetricsReport] c.p.n.c.i.BaseNdtViewController - Sending com.persinity.ndt.controller.NdtEvent@8ba0dd4
2015-09-22 08:25:24.715 DEBUG [  MetricsReport] c.p.n.c.i.BaseNdtViewController - Waiting on com.persinity.ndt.controller.NdtEvent@8ba0dd4
2015-09-22 08:25:24.715 INFO  [       Thread-3] c.p.n.c.i.ConsoleNdtViewController - 
2015-09-22 08:25:25.221 DEBUG [       Thread-3] c.p.n.c.i.BaseNdtViewController - Received ack for com.persinity.ndt.controller.NdtEvent@8ba0dd4
2015-09-22 08:25:25.225 DEBUG [  MetricsReport] c.p.n.c.i.BaseNdtViewController - End of com.persinity.ndt.controller.NdtEvent@8ba0dd4
2015-09-22 08:25:25.239 INFO  [  MetricsReport] c.p.n.c.i.ConsoleNdtViewController - test
2015-09-22 08:25:25.240 INFO  [  MetricsReport] c.p.n.c.i.ConsoleNdtViewController - ndtTest
2015-09-22 08:25:25.240 INFO  [  MetricsReport] c.p.n.c.i.ConsoleNdtViewController - test
2015-09-22 08:25:25.241 INFO  [  MetricsReport] c.p.n.c.i.ConsoleNdtViewController - test
2015-09-22 08:25:25.242 DEBUG [  MetricsReport] c.p.n.c.i.BaseNdtViewController - Sending com.persinity.ndt.controller.NdtEvent@4aa28dc6
2015-09-22 08:25:25.242 DEBUG [  MetricsReport] c.p.n.c.i.BaseNdtViewController - Waiting on com.persinity.ndt.controller.NdtEvent@4aa28dc6
2015-09-22 08:25:25.744 DEBUG [       Thread-6] c.p.n.c.i.BaseNdtViewController - Sending com.persinity.ndt.controller.NdtEvent@7c8de117
2015-09-22 08:25:25.746 DEBUG [       Thread-6] c.p.n.c.i.BaseNdtViewController - Waiting on com.persinity.ndt.controller.NdtEvent@7c8de117
2015-09-22 08:25:25.995 DEBUG [  MetricsReport] c.p.n.c.i.BaseNdtViewController - Received ack for com.persinity.ndt.controller.NdtEvent@7c8de117
2015-09-22 08:25:25.995 DEBUG [       Thread-6] c.p.n.c.i.BaseNdtViewController - End of com.persinity.ndt.controller.NdtEvent@7c8de117
2015-09-22 08:25:25.996 DEBUG [  MetricsReport] c.p.n.c.i.BaseNdtViewController - Sending com.persinity.ndt.controller.NdtEvent@4d0d645a
2015-09-22 08:25:26.001 DEBUG [  MetricsReport] c.p.n.c.i.BaseNdtViewController - Sending com.persinity.ndt.controller.NdtEvent@5ce61897
2015-09-22 08:25:26.001 DEBUG [  MetricsReport] c.p.n.c.i.BaseNdtViewController - Waiting on com.persinity.ndt.controller.NdtEvent@5ce61897
2015-09-22 08:25:26.501 DEBUG [       Thread-9] c.p.n.c.i.BaseNdtViewController - Received ack for com.persinity.ndt.controller.NdtEvent@5ce61897
2015-09-22 08:25:26.502 DEBUG [  MetricsReport] c.p.n.c.i.BaseNdtViewController - End of com.persinity.ndt.controller.NdtEvent@5ce61897
2015-09-22 08:25:26.912 ERROR [   StepFailStub] c.p.n.c.s.BaseStep - Failed running StepFailStub - 20
java.lang.RuntimeException: Expected
	at com.persinity.ndt.controller.script.StepFailStub.work(StepFailStub.java:18)
	at com.persinity.ndt.controller.script.BaseStep.executeStep(BaseStep.java:141)
	at com.persinity.ndt.controller.script.BaseStep.run(BaseStep.java:59)
	at com.persinity.ndt.controller.script.Script$ExceptionSilentThread.run(Script.java:108)
2015-09-22 08:25:26.912 ERROR [   StepFailStub] c.p.n.c.s.BaseStep - Failed running StepFailStub - 20
java.lang.RuntimeException: Expected
	at com.persinity.ndt.controller.script.StepFailStub.work(StepFailStub.java:18)
	at com.persinity.ndt.controller.script.BaseStep.executeStep(BaseStep.java:141)
	at com.persinity.ndt.controller.script.BaseStep.run(BaseStep.java:59)
	at com.persinity.ndt.controller.script.Script$ExceptionSilentThread.run(Script.java:108)
2015-09-22 08:25:26.917 ERROR [   StepFailStub] c.p.n.c.s.Script - Script step run failed StepFailStub - 20
java.lang.RuntimeException: Expected
	at com.persinity.ndt.controller.script.StepFailStub.work(StepFailStub.java:18)
	at com.persinity.ndt.controller.script.BaseStep.executeStep(BaseStep.java:141)
	at com.persinity.ndt.controller.script.BaseStep.run(BaseStep.java:59)
	at com.persinity.ndt.controller.script.Script$ExceptionSilentThread.run(Script.java:108)
2015-09-22 08:25:26.917 ERROR [   StepFailStub] c.p.n.c.s.Script - Script step run failed StepFailStub - 20
java.lang.RuntimeException: Expected
	at com.persinity.ndt.controller.script.StepFailStub.work(StepFailStub.java:18)
	at com.persinity.ndt.controller.script.BaseStep.executeStep(BaseStep.java:141)
	at com.persinity.ndt.controller.script.BaseStep.run(BaseStep.java:59)
	at com.persinity.ndt.controller.script.Script$ExceptionSilentThread.run(Script.java:108)
2015-09-22 08:25:27.110 ERROR [         Script] c.p.n.c.s.Script - Found failed step StepFailStub - 20 in script Script - 1
2015-09-22 08:25:27.110 ERROR [         Script] c.p.n.c.s.Script - Found failed step StepFailStub - 20 in script Script - 1
2015-09-22 08:25:27.112 ERROR [         Script] c.p.n.c.s.BaseStep - Failed running Script - 1
java.lang.RuntimeException: Expected
	at com.persinity.ndt.controller.script.StepFailStub.work(StepFailStub.java:18)
	at com.persinity.ndt.controller.script.BaseStep.executeStep(BaseStep.java:141)
	at com.persinity.ndt.controller.script.BaseStep.run(BaseStep.java:59)
	at com.persinity.ndt.controller.script.Script$ExceptionSilentThread.run(Script.java:108)
2015-09-22 08:25:27.112 ERROR [         Script] c.p.n.c.s.BaseStep - Failed running Script - 1
java.lang.RuntimeException: Expected
	at com.persinity.ndt.controller.script.StepFailStub.work(StepFailStub.java:18)
	at com.persinity.ndt.controller.script.BaseStep.executeStep(BaseStep.java:141)
	at com.persinity.ndt.controller.script.BaseStep.run(BaseStep.java:59)
	at com.persinity.ndt.controller.script.Script$ExceptionSilentThread.run(Script.java:108)
2015-09-22 08:25:27.517 ERROR [   StepFailStub] c.p.n.c.s.BaseStep - Failed running StepFailStub - 25
java.lang.RuntimeException: Expected
	at com.persinity.ndt.controller.script.StepFailStub.work(StepFailStub.java:18)
	at com.persinity.ndt.controller.script.BaseStep.executeStep(BaseStep.java:141)
	at com.persinity.ndt.controller.script.BaseStep.run(BaseStep.java:59)
	at java.lang.Thread.run(Thread.java:745)
2015-09-22 08:25:27.517 ERROR [   StepFailStub] c.p.n.c.s.BaseStep - Failed running StepFailStub - 25
java.lang.RuntimeException: Expected
	at com.persinity.ndt.controller.script.StepFailStub.work(StepFailStub.java:18)
	at com.persinity.ndt.controller.script.BaseStep.executeStep(BaseStep.java:141)
	at com.persinity.ndt.controller.script.BaseStep.run(BaseStep.java:59)
	at java.lang.Thread.run(Thread.java:745)
2015-09-22 08:25:27.519 ERROR [         Script] c.p.n.c.s.BaseStep - Prev step: StepFailStub - 25 failed, aborting Script - 1
2015-09-22 08:25:27.519 ERROR [         Script] c.p.n.c.s.BaseStep - Prev step: StepFailStub - 25 failed, aborting Script - 1
2015-09-22 08:25:29.531 ERROR [   StepLongStub] c.p.n.c.s.BaseStep - Failed running StepLongStub - 28
java.lang.RuntimeException: java.lang.InterruptedException: sleep interrupted
	at com.persinity.ndt.controller.script.StepLongStub.work(StepLongStub.java:21)
	at com.persinity.ndt.controller.script.BaseStep.executeStep(BaseStep.java:141)
	at com.persinity.ndt.controller.script.BaseStep.run(BaseStep.java:59)
	at java.lang.Thread.run(Thread.java:745)
Caused by: java.lang.InterruptedException: sleep interrupted
	at java.lang.Thread.sleep(Native Method)
	at com.persinity.ndt.controller.script.StepLongStub.work(StepLongStub.java:19)
	... 3 more
2015-09-22 08:25:29.531 ERROR [   StepLongStub] c.p.n.c.s.BaseStep - Failed running StepLongStub - 28
java.lang.RuntimeException: java.lang.InterruptedException: sleep interrupted
	at com.persinity.ndt.controller.script.StepLongStub.work(StepLongStub.java:21)
	at com.persinity.ndt.controller.script.BaseStep.executeStep(BaseStep.java:141)
	at com.persinity.ndt.controller.script.BaseStep.run(BaseStep.java:59)
	at java.lang.Thread.run(Thread.java:745)
Caused by: java.lang.InterruptedException: sleep interrupted
	at java.lang.Thread.sleep(Native Method)
	at com.persinity.ndt.controller.script.StepLongStub.work(StepLongStub.java:19)
	... 3 more
2015-09-22 08:25:30.535 ERROR [       StepStub] c.p.n.c.s.BaseStep - Wait on prev step: StepLongStub - 32 aborted, aborting StepStub - 32
java.lang.RuntimeException: java.lang.InterruptedException
	at com.persinity.ndt.controller.script.BaseStep.waitToFinish(BaseStep.java:161)
	at com.persinity.ndt.controller.script.BaseStep.waitPreviousStep(BaseStep.java:97)
	at com.persinity.ndt.controller.script.BaseStep.run(BaseStep.java:55)
	at java.lang.Thread.run(Thread.java:745)
Caused by: java.lang.InterruptedException
	at java.lang.Object.wait(Native Method)
	at com.persinity.ndt.controller.script.BaseStep.waitToFinish(BaseStep.java:159)
	... 3 more
2015-09-22 08:25:30.535 ERROR [       StepStub] c.p.n.c.s.BaseStep - Wait on prev step: StepLongStub - 32 aborted, aborting StepStub - 32
java.lang.RuntimeException: java.lang.InterruptedException
	at com.persinity.ndt.controller.script.BaseStep.waitToFinish(BaseStep.java:161)
	at com.persinity.ndt.controller.script.BaseStep.waitPreviousStep(BaseStep.java:97)
	at com.persinity.ndt.controller.script.BaseStep.run(BaseStep.java:55)
	at java.lang.Thread.run(Thread.java:745)
Caused by: java.lang.InterruptedException
	at java.lang.Object.wait(Native Method)
	at com.persinity.ndt.controller.script.BaseStep.waitToFinish(BaseStep.java:159)
	... 3 more
2015-09-22 08:25:30.537 ERROR [   StepLongStub] c.p.n.c.s.BaseStep - Failed running StepLongStub - 32
java.lang.RuntimeException: java.lang.InterruptedException: sleep interrupted
	at com.persinity.ndt.controller.script.StepLongStub.work(StepLongStub.java:21)
	at com.persinity.ndt.controller.script.BaseStep.executeStep(BaseStep.java:141)
	at com.persinity.ndt.controller.script.BaseStep.run(BaseStep.java:59)
	at java.lang.Thread.run(Thread.java:745)
Caused by: java.lang.InterruptedException: sleep interrupted
	at java.lang.Thread.sleep(Native Method)
	at com.persinity.ndt.controller.script.StepLongStub.work(StepLongStub.java:19)
	... 3 more
2015-09-22 08:25:30.537 ERROR [   StepLongStub] c.p.n.c.s.BaseStep - Failed running StepLongStub - 32
java.lang.RuntimeException: java.lang.InterruptedException: sleep interrupted
	at com.persinity.ndt.controller.script.StepLongStub.work(StepLongStub.java:21)
	at com.persinity.ndt.controller.script.BaseStep.executeStep(BaseStep.java:141)
	at com.persinity.ndt.controller.script.BaseStep.run(BaseStep.java:59)
	at java.lang.Thread.run(Thread.java:745)
Caused by: java.lang.InterruptedException: sleep interrupted
	at java.lang.Thread.sleep(Native Method)
	at com.persinity.ndt.controller.script.StepLongStub.work(StepLongStub.java:19)
	... 3 more
2015-09-22 08:25:31.043 ERROR [   StepLongStub] c.p.n.c.s.BaseStep - Failed running StepLongStub - 34
java.lang.RuntimeException: java.lang.InterruptedException: sleep interrupted
	at com.persinity.ndt.controller.script.StepLongStub.work(StepLongStub.java:21)
	at com.persinity.ndt.controller.script.BaseStep.executeStep(BaseStep.java:141)
	at com.persinity.ndt.controller.script.BaseStep.run(BaseStep.java:59)
	at java.lang.Thread.run(Thread.java:745)
Caused by: java.lang.InterruptedException: sleep interrupted
	at java.lang.Thread.sleep(Native Method)
	at com.persinity.ndt.controller.script.StepLongStub.work(StepLongStub.java:19)
	... 3 more
2015-09-22 08:25:31.043 ERROR [   StepLongStub] c.p.n.c.s.BaseStep - Failed running StepLongStub - 34
java.lang.RuntimeException: java.lang.InterruptedException: sleep interrupted
	at com.persinity.ndt.controller.script.StepLongStub.work(StepLongStub.java:21)
	at com.persinity.ndt.controller.script.BaseStep.executeStep(BaseStep.java:141)
	at com.persinity.ndt.controller.script.BaseStep.run(BaseStep.java:59)
	at java.lang.Thread.run(Thread.java:745)
Caused by: java.lang.InterruptedException: sleep interrupted
	at java.lang.Thread.sleep(Native Method)
	at com.persinity.ndt.controller.script.StepLongStub.work(StepLongStub.java:19)
	... 3 more
2015-09-22 08:25:31.047 ERROR [   StepFailStub] c.p.n.c.s.BaseStep - Failed running StepFailStub - 36
java.lang.RuntimeException: Expected
	at com.persinity.ndt.controller.script.StepFailStub.work(StepFailStub.java:18)
	at com.persinity.ndt.controller.script.BaseStep.executeStep(BaseStep.java:141)
	at com.persinity.ndt.controller.script.BaseStep.run(BaseStep.java:59)
	at java.lang.Thread.run(Thread.java:745)
2015-09-22 08:25:31.047 ERROR [   StepFailStub] c.p.n.c.s.BaseStep - Failed running StepFailStub - 36
java.lang.RuntimeException: Expected
	at com.persinity.ndt.controller.script.StepFailStub.work(StepFailStub.java:18)
	at com.persinity.ndt.controller.script.BaseStep.executeStep(BaseStep.java:141)
	at com.persinity.ndt.controller.script.BaseStep.run(BaseStep.java:59)
	at java.lang.Thread.run(Thread.java:745)
